[   0.0000Intializing cgroup subsys cpust
[    0.000000] Initializing cgroup subsys cpu
[    0.000000] Initializing cgroup subsys cpuacct
[    0.000000] Linux versn .4.0-2-ger (buildd@lgw01-12) (gcc version 5.3.1 20160413 (Ubuntu 5.3.1-14ubuntu2.1) ) #43-Ubuntu SMP Wed Jun 8 19:27:37 UTC 2016 (Ubuntu 4.4.0-24.43-generic 4.4.10)
[    0.000000] omndline: BOO_IGEboot/vmlinuz-4.4.0-24-generic root=LABEL=cloudimg-rootfs ro coso=t1 onsoe=yS
[  0.000] KRNL pprted cpus:
[    .0000]  IelenuinInel
[    .00000]  A AheticAMD
[    0.000] Centa CtarHauls
[    0.000000] x86/fpu: Legacy x87 FPU detected.
[    0.000000] x86/fpu: Using 'lazy' FPU context switches.
[    0.000000] e820: BIOS-provided physical RAM map:
[    0.000000] BIOS-e820: [mem 0x0000000000000000-0x000000000009fbff] usable
[    0.000000] BIOS-e820: [mem 0x000000000009fc00-0x000000000009ffff] reserved
[    0.000000] BIOS-e820: [mem 0x00000000000f0000-0x00000000000fffff] reserved
[    0.000000] BIOS-e820: [mem 0x0000000000100000-0x000000003ffeffff] usable
[    0.000000] BIOS-e820: [mem 0x000000003fff0000-0x00003fffff] PIdata
  .00000 BS-820: [m 000000ff000-0x00000fffff]esrve
[  00000 N(Eecute sae)roteconacive[  00000] BIS 2.5 esen.  0.000]yprvisor dteedKV
[   .0000]GPNoAGP id fund  0.0000e80: lt_n  0x3ff m_archfn 0400000
[   0.0000]86AT: Cfiraion -7 W  WCUCUC WB WCUCWT  [  0.0000]TR Disbl
  0.00] U MTs l ank - rtlied sst.[   .000] fod P P-tae  [em 0x0009fff0-0x0009ffff] mapped atff880000ff
    0000 Scanning 1 areas for low memory corruption
[    0.000000] RAMDISK: [mem 0x371ae000-0x378cefff]
[    0.000000] ACPI: Early table checksum verification disabled
[    0.000000] ACPI: RSDP 0x00000000000E0000 000024 (v02 VBOX  )
[    0.000000] ACPI: XSDT 0x000000003FFF003 003(v01 OX VOXXSDT 0001 SL  00061
[   0.00] CPI:FA 0000000FF0F0 00 (04 VBOX   VBOXFACP 00000001 ASL  00000061)
[    0.000000] ACPI: DSDT 0x000000003FFF0470 001CEB (v01 VBOX   VBOXBIOS 00000002 INTL 20150717)
[    0.000000] ACPI: FACS 0x000000003FFF0200 000040
[    0.000000] ACPI: FACS 0x000000003FFF0200 000040
[    0.000000] ACPI: APIC 0x000000003FFF0240 00005C (v02 VBOX   VBOXAPIC 00000001 ASL  00000061)
[    0.000000] ACPI: SSDT 0x000000003FFF02A0 0001CC (v01 VBOX   VBOXCPUT 00000002 INTL 20150717)
[    0.000000] No NUMA configuration found
[    0.000000] Faking a node at [mem 0x0000000000000000-0x000000003ffefff]   0.000 NDE_DAT(0alcaed [mm 3fb000-0x3ffff
    00000kvm-oc Ung ms 46401 and 4b5d0
[   00000kvm-clock: cpu 0, msr 0:3ff00 pmary cpu clock
[    0.000000] kvm-clock: usingch ofset of 320907cycles
[   00000]clksrce:kvclk:mas: 0xffffffffffffffaxyces:0xd44dfb, m_ie_s: 881590591483 ns
[  .0000] neanes:
  .00000]  A   [[mem 00000000000x000000fffff]
[   0000]  DM2  [mem 0000001000-000000003feff]
[  0.000]   Noal epty
[  00000]   Devi  mpy  0.00000 Movaleon startfoea nod
[  .0000]ary meryod ranges[   0.00000] ne   : emx0000000100-0x00000000fff]
  0.000]   od   [memx00000001000x000000ffff]
[   000000] nitm supnode0 emx00000000000-0x00003fffff
  .000000]ACPI:PMimr IO Prt0x08
[   .000 IOAPC[: icid, rsn 17, are 0fec00000, GSI 0-23
[    0.000000] ACPI: INT_SRC_OVR (bus 0 bus_irq 0 global_irq 2 dfl dfl)
[    0.000000] ACPI: INT_SRC_OV (s  bus_irq gba_irq 9 high level)
[    0.000000] Using ACPI (MADT) for SMP configuratn fomation
[  .00000] smpboot: Allowing 2 CPUs, 0 hotplug CPUs
[    0.000000] PM: Registrenove mmo: em 0x0000-0x0000ff
  0.00] : Registered nosave memory: [mem 0x0009f000-0x0009ffff]
[    0.000000] PM:egterednoveemry: [m 000a00-00effff]
[   0000] PM:egteed noavmery: me0x00f00-00fffff]
  0.0000 e20[mm 0x00000xfffbffff] available for PCI vis
[   0000 Bootngarvirtlid ernel  K
[    00000clcksour: fined-ffs:mask0xfffff x_cls: 0ffff, ma_iles:76451902568 ns[   0.000 stup_pepuNRCPUS56r_pumaskbi:2 n_cpu_ds nnode_i:1[   .000] PEPUEmedde 33 pas/pu @ff883f00000 80 r92 d96u14857
[  .00000PVspinckas table entes256 (order: 0, 4096 bytes)
[    0.000000] Built 1 zonelists in Node order, mobility grouping on.  Total pages: 257913
[    0.000000] Policy zone: DMA32
[    0.000000] Kernel command line: BOOT_IMAGE=/boot/vmlinuz-4.4.0-24-generic root=LABEL=cloudimg-rootfs ro console=tty1 console=ttyS
[  .000000 P hash talentes: 96orer: 3,27 btes)
  0.000] A: ecing apertu..
[    00000AG: NoGPrige fnd
  0.0000Meory:1034/10420avlabl(81Kernel de128Kwda,920Koda,480Kni 192K bs 476 resered0Kma-reerd)[   .000 SLUB: HWalign=64, Order=0-3, MinObjects=0, CPUs=2, Nodes=1
[    0.000000] Hierarchical CUmpementation.[  0.00000	Bild-im adjtmenofea fant o 64
    0000] RC rtrctinCP fom NCP=26 to nrcpid=2.
[    .000 RCUAdstng gmey or r_fou_leaf64, n_c_is=2[  0000000 NIR:1640 n_is:0 16
[  .0000]onle color A+0x25[  0000000] onle[tty ebld
[  0.000] cso [tyS0enle
[    0.000000] tsc: Detected 3415.430 MHz processor
[    0.000000] tsc: Marking TSC unstable due to TSCs unsynchronized
[    0.012000] Calibrating delay loop (skipped) preset value.. 6830.86 BogoMIPS (lpj=13661720)
[    0.016012] pid_max: default: 32768 minimum: 301
[    0.020049] ACPI: Core revision 20150930
[    0.024817] ACPI: 2 ACPI AML tables successfully acquired and loaded
[    0.033019] Security Framework initialized
[    0.036004] Yama: becoming mindful.
[    0.040025] AppArmor: AppArmor initialized
[    0.044098] Dentry cache hash table entries: 131072 (order: 8, 1048576 bytes)
[    0.048341] Inode-cache hash table entries: 65536 (order: 7, 524288 bytes)
[    0.053091] Mount-cache hash table entries: 2048 (order: 2, 16384 bytes)
[    0.056010] Mountpoint-cache hash table entries: 2048 (order: 2, 16384 bytes)
[    0.060198] Initializing cgroup subsys io
[    0.064041] Initializing cgroup subsys memory
[    0.068035] Initializing cgroup subsys devices
[    0.072008] Initializing cgroup subsys freezer
[    0.076005] Initializing cgroup subsys net_cls
[    0.080044] Initializing cgroup subsys perf_event
[    0.084021] Initializing cgroup subsys net_prio
[    0.088004] Initializing cgroup subsys hugetlb
[    0.092011] Initializing cgroup subsys pids
[    0.096139] CPU: Physical Processor ID: 0
[    0.100010] CPU: Processor Core ID: 0
[    0.104006] mce: CPU supports 0 MCE banks
[    0.108019] process: using AMD E400 aware idle routine
[    0.112006] Last level iTLB entries: 4KB 512, 2MB 16, 4MB 8
[    0.112822] Last level dTLB entries: 4KB 512, 2MB 128, 4MB 64, 1GB 0
[    0.117566] Freeing SMP alternatives memory: 28K (ffffffff820b3000 - ffffffff820ba000)
[    0.127211] ftrace: allocating 31907 entries in 125 pages
[    0.136115] smpboot: Max logical packages: 1
[    0.140006] smpboot: APIC(0) Converting physical 0 to logical package 0
[    0.145213] ..TIMER: vector=0x30 apic1=0 pin1=2 apic2=-1 pin2=-1
[    0.152000] smpboot: CPU0: AMD Phenom(tm) II X4 965 Processor (family: 0x10, model: 0x4, stepping: 0x2)
[    0.156014] Performance Events: Broken PMU hardware detected, using software events only.
[    0.164023] Failed to access perfctr msr (MSR c0010007 is 0)
[    0.168155] KVM setup paravirtual spinlock
[    0.173006] x86: Booting SMP configuration:
[    0.176003] .... node  #0, CPUs:      #1
[    0.012000] kvm-clock: cpu 1, msr 0:3fee7041, secondary cpu clock
[    0.012000] mce: CPU supports 0 MCE banks
[    0.584119] x86: Booted up 1 node, 2 CPUs
[    0.588002] smpboot: Total of 2 processors activated (13661.72 BogoMIPS)
[    0.596020] devtmpfs: initialized
[    0.605748] evm: security.selinux
[    0.608002] evm: security.SMACK64
[    0.612001] evm: security.SMACK64EXEC
[    0.616009] evm: security.SMACK64TRANSMUTE
[    0.620017] evm: security.SMACK64MMAP
[    0.624007] evm: security.ima
[    0.628002] evm: security.capability
[    0.632169] clocksource: jiffies: mask: 0xffffffff max_cycles: 0xffffffff, max_idle_ns: 7645041785100000 ns
[    0.636413] pinctrl core: initialized pinctrl subsystem
[    0.640165] RTC time: 18:17:00, date: 06/10/16
[    0.644455] NET: Registered protocol family 16
[    0.664024] cpuidle: using governor ladder
[    0.680018] cpuidle: using governor menu
[    0.684102] PCCT header not found.
[    0.688921] ACPI: bus type PCI registered
[    0.692009] acpiphp: ACPI Hot Plug PCI Controller Driver version: 0.5
[    0.696110] PCI: Using configuration type 1 for base access
[    0.700017] PCI: Using configuration type 1 for extended access
[    0.716158] ACPI: Added _OSI(Module Device)
[    0.836018] ACPI: Added _OSI(Processor Device)
[    0.972004] ACPI: Added _OSI(3.0 _SCP Extensions)
[    1.132004] ACPI: Added _OSI(Processor Aggregator Device)
[    1.320392] ACPI: Executed 1 blocks of module-level executable AML code
[    1.554055] ACPI: Interpreter enabled
[    1.680015] ACPI Exception: AE_NOT_FOUND, While evaluating Sleep State [\_S1_] (20150930/hwxface-580)
[    1.996006] ACPI Exception: AE_NOT_FOUND, While evaluating Sleep State [\_S2_] (20150930/hwxface-580)
[    2.328006] ACPI Exception: AE_NOT_FOUND, While evaluating Sleep State [\_S3_] (20150930/hwxface-580)
[    2.652005] ACPI Exception: AE_NOT_FOUND, While evaluating Sleep State [\_S4_] (20150930/hwxface-580)
[    2.972012] ACPI: (supports S0 S5)
[    3.080003] ACPI: Using IOAPIC for interrupt routing
[    3.256179] PCI: Using host bridge windows from ACPI; if necessary, use "pci=nocrs" and report a bug
[    3.605674] ACPI: PCI Root Bridge [PCI0] (domain 0000 [bus 00-ff])
[    3.824018] acpi PNP0A03:00: _OSC: OS supports [ExtendedConfig ASPM ClockPM Segments MSI]
[    4.120011] acpi PNP0A03:00: _OSC failed (AE_NOT_FOUND); disabling ASPM
[    4.348186] PCI host bridge to bus 0000:00
[    4.472006] pci_bus 0000:00: root bus resource [io  0x0000-0x0cf7 window]
[    4.692013] pci_bus 0000:00: root bus resource [io  0x0d00-0xffff window]
[    4.904005] pci_bus 0000:00: root bus resource [mem 0x000a0000-0x000bffff window]
[    5.172005] pci_bus 0000:00: root bus resource [mem 0x40000000-0xffdfffff window]
[    5.416007] pci_bus 0000:00: root bus resource [bus 00-ff]
[    5.608983] pci 0000:00:01.1: legacy IDE quirk: reg 0x10: [io  0x01f0-0x01f7]
[    5.864009] pci 0000:00:01.1: legacy IDE quirk: reg 0x14: [io  0x03f6]
[    6.112004] pci 0000:00:01.1: legacy IDE quirk: reg 0x18: [io  0x0170-0x0177]
[    6.356004] pci 0000:00:01.1: legacy IDE quirk: reg 0x1c: [io  0x0376]
[    6.640574] ACPI: PCI Interrupt Link [LNKA] (IRQs 5 9 10 11) *0, disabled.
[    6.852431] ACPI: PCI Interrupt Link [LNKB] (IRQs 5 9 10 *11)
[    7.028067] ACPI: PCI Interrupt Link [LNKC] (IRQs 5 9 *10 11)
[    7.200362] ACPI: PCI Interrupt Link [LNKD] (IRQs 5 *9 10 11)
[    7.360419] ACPI: Enabled 2 GPEs in block 00 to 07
[    7.500232] vgaarb: setting as boot device: PCI:0000:00:02.0
[    7.504000] vgaarb: device added: PCI:0000:00:02.0,decodes=io+mem,owns=io+mem,locks=none
[    8.016007] vgaarb: loaded
[    8.116003] vgaarb: bridge control possible 0000:00:02.0
[    8.300285] SCSI subsystem initialized
[    8.360309] ACPI: bus type USB registered
[    8.364095] usbcore: registered new interface driver usbfs
[    8.368053] usbcore: registered new interface driver hub
[    8.372099] usbcore: registered new device driver usb
[    8.392236] PCI: Using ACPI for IRQ routing
[    8.400540] NetLabel: Initializing
[    8.404003] NetLabel:  domain hash size = 128
[    8.408001] NetLabel:  protocols = UNLABELED CIPSOv4
[    8.412033] NetLabel:  unlabeled traffic allowed by default
[    8.416155] clocksource: Switched to clocksource kvm-clock
[    852423] AppArmor: AppArmr lest Ebl
  8.61] p:nPCPin
  8.005] pp:nPCP fnd dic
[  9561]losoceac_p mk:xfffmacyes0xffff, max_idle_ns: 2085701024 ns
[   10.242408] NET: Registered protocol family 2
[   10.244430] TCP established hash table entries 82 rd:  636yt)  0.01] P ndastae trs:19(oer5,3172 bytes)
[  12443TC Hh bl cfire(eabsh 82 nd19
  1.86] P shab etrie 5 (de 2164 te
   15474UDLi hh blenie 5 (de 2164 te
[   .203 N: gier ptol mi 1[ 13985]ci00000. Litg re P/PI trsfs  4.96] i 000:.0AcvangSAMAanwoarnd
[ 14435]ryg tonpk ot iges itmf..
[   16.845612] Freeing initrd memory: 7300K (ffff8800371ae000 - ffff8800378cf000)
[   17.154983] clocksource: tsc: mask: 0xffffffffffffffff max_cycles: 0x313b3e6a2e2, max_idle_ns: 440795225743 ns
[   17.162039] platform rtc_cmos: registered platform RTC device (no PNP device found)
[   17.162136] Scanning for low memory corruption every 60 seconds
[   17.163080] futex hash table entries: 512 (order: 3, 32768 bytes)
[   17.163175] audit: initializing netlink subsys (disabled)
[   17.163224] audit: type=2000 audit(1465582626.868:1): initialized
[   17.164302] Initialise system trusted keyring
[   17.164624] HugeTLB registered 2 MB page size, pre-allocated 0 pages
[   17.168901] zbud: loaded
[   17.169193] VFS: Disk quotas dquot_6.6.0
[   17.169238] VFS: Dquot-cache hash table entries: 512 (order 0, 4096 bytes)
[   17.169859] fuse init (API version 7.23)
[   17.170026] Key type big_key registered
[   17.170052] Allocating IMA MOK and blacklist keyrings.
[   17.170418] Key type asymmetric registered
[   17.170426] Asymmetric key parser 'x509' registered
[   17.170488] Block layer SCSI generic (bsg) driver version 0.4 loaded (major 249)
[   17.170525] io scheduler noop registered
[   17.170529] io scheduler deadline registered (default)
[   17.170569] io scheduler cfq registered
[   17.170694] pci_hotplug: PCI Hot Plug PCI Core version: 0.5
[   17.170700] pciehp: PCI Express Hot Plug Controller Driver version: 0.4
[   17.170866] ACPI: AC Adapter [AC] (on-line)
[   17.170943] input: Power Button as /devices/LNXSYSTM:00/LNXPWRBN:00/input/input0
[   17.170947] ACPI: Power Button [PWRF]
[   17.171023] input: Sleep Button as /devices/LNXSYSTM:00/LNXSLPBN:00/input/input1
[   17.171025] ACPI: Sleep Button [SLPF]
[   17.171206] GHES: HEST is not enabled!
[   17.171339] Serial: 8250/16550 driver, 32 ports, IRQ sharing enabled
[   17.377049] 00:02: ttyS0 at I/O 0x3f8 (irq = 4, base_baud = 115200) is a 16550A
[   17.772490] Linux agpgart interface v0.103
[   18.134196] brd: module loaded
[   18.135175] loop: module loaded
[   18.135719] scsi host0: ata_piix
[   18.135788] scsi host1: ata_piix
[   18.135823] ata1: PATA max UDMA/33 cmd 0x1f0 ctl 0x3f6 bmdma 0xd000 irq 14
[   18.135823] ata2: PATA max UDMA/33 cmd 0x170 ctl 0x376 bmdma 0xd008 irq 15
[   18.135904] libphy: Fixed MDIO Bus: probed
[   18.135907] tun: Universal TUN/TAP device driver, 1.6
[   18.135907] tun: (C) 1999-2004 Max Krasnyansky <maxk@qualcomm.com>
[   18.136203] PPP generic driver version 2.4.2
[   18.136274] ehci_hcd: USB 2.0 'Enhanced' Host Controller (EHCI) Driver
[   18.136279] ehci-pci: EHCI PCI platform driver
[   18.136296] ehci-platform: EHCI generic platform driver
[   18.136308] ohci_hcd: USB 1.1 'Open' Host Controller (OHCI) Driver
[   18.136312] ohci-pci: OHCI PCI platform driver
[   18.136322] ohci-platform: OHCI generic platform driver
[   18.136329] uhci_hcd: USB Universal Host Controller Interface driver
[   18.136389] i8042: PNP: PS/2 Controller [PNP0303:PS2K,PNP0f03:PS2M] at 0x60,0x64 irq 1,12
[   18.136838] serio: i8042 KBD port at 0x60,0x64 irq 1
[   18.136842] serio: i8042 AUX port at 0x60,0x64 irq 12
[   18.136958] mousedev: PS/2 mouse device common for all mice
[   18.137229] input: AT Translated Set 2 keyboard as /devices/platform/i8042/serio0/input/input2
[   18.137511] rtc_cmos rtc_cmos: rtc core: registered rtc_cmos as rtc0
[   18.137567] rtc_cmos rtc_cmos: alarms up to one day, 114 bytes nvram
[   18.137572] i2c /dev entries driver
[   18.137632] device-mapper: uevent: version 1.0.3
[   18.137689] device-mapper: ioctl: 4.34.0-ioctl (2015-10-28) initialised: dm-devel@redhat.com
[   18.137708] ledtrig-cpu: registered to indicate activity on CPUs
[   18.137994] NET: Registered protocol family 10
[   18.138172] NET: Registered protocol family 17
[   18.138182] Key type dns_resolver registered
[   18.138347] microcode: CPU0: patch_level=0x01000086
[   18.136184] microcode: CPU1: patch_level=0x01000086
[   18.292515] microcode: Microcode Update Driver: v2.01 <tigran@aivazian.fsnet.co.uk>, Peter Oruba
[   18.292654] registered taskstats version 1
[   18.292669] Loading compiled-in X.509 certificates
[   18.293561] Loaded X.509 cert 'Build time autogenerated kernel key: 73e2b8be326740e2e7feadd5601517c5df343108'
[   18.293580] zswap: loaded using pool lzo/zbud
[   18.295343] Key type trusted registered
[   18.298210] Key type encrypted registered
[   18.298216] AppArmor: AppArmor sha1 policy hashing enabled
[   18.298219] ima: No TPM chip found, activating TPM-bypass!
[   18.298246] evm: HMAC attrs: 0x1
[   18.298428]   Magic number: 4:380:291
[   18.298459] tty tty24: hash matches
[   18.473385] rtc_cmos rtc_cmos: setting system clock to 2016-06-10 18:17:19 UTC (1465582639)
[   18.473589] BIOS EDD facility v0.16 2004-Jun-25, 0 devices found
[   18.473590] EDD information not available.
[   30.489357] Freeing unused kernel memory: 1480K (ffffffff81f41000 - ffffffff820b3000)
[   30.526289] Write protecting the kernel read-only data: 14336k
[   30.570860] Freeing unused kernel memory: 1868K (ffff88000182d000 - ffff880001a00000)
[   30.586553] Freeing unused kernel memory: 176K (ffff880001dd4000 - ffff880001e00000)
Loading, please wait...
starting version[   30.722576] random: systemd-udevd urandom read with 4 bits of entropy available
 229
[   31.038254] e1000: Intel(R) PRO/1000 Network Driver - version 7.3.21-k8-NAPI
[   31.166404] e1000: Copyright (c) 1999-2006 Intel Corporation.
[   31.332898] Fusion MPT base driver 3.04.20
[   31.455360] Copyright (c) 1999-2008 LSI Corporation
[   31.604874] Fusion MPT SPI Host driver 3.04.20
[   31.801911] input: ImExPS/2 Generic Explorer Mouse as /devices/platform/i8042/serio1/input/input4
[   32.031859] e1000 0000:00:03.0 eth0: (PCI:33MHz:32-bit) 02:43:bc:fa:c0:22
[   32.242798] e1000 0000:00:03.0 eth0: Intel(R) PRO/1000 Network Connection
[   32.464564] mptbase: ioc0: Initiating bringup
[   32.465455] e1000 0000:00:03.0 enp0s3: renamed from eth0
[   32.625479] ioc0: LSI53C1030 A0: Capabilities={Initiator}
[   33.700637] scsi host2: ioc0: LSI53C1030 A0, FwRev=00000000h, Ports=1, MaxQ=256, IRQ=20
[   34.180912] scsi 2:0:0:0: Direct-Access     VBOX     HARDDISK         1.0  PQ: 0 ANSI: 5
[   34.228731] scsi target2:0:0: Beginning Domain Validation
[   34.289901] scsi target2:0:0: Domain Validation skipping write tests
[   34.308923] scsi target2:0:0: Ending Domain Validation
[   34.400695] scsi target2:0:0: asynchronous
[   34.430298] scsi 2:0:1:0: Direct-Access     VBOX     HARDDISK         1.0  PQ: 0 ANSI: 5
[   34.692401] floppy0: no floppy controllers found
[   34.805068] scsi target2:0:1: Beginning Domain Validation
[   34.932424] scsi target2:0:1: Domain Validation skipping write tests
[   34.935728] scsi target2:0:1: Ending Domain Validation
[   34.940079] scsi target2:0:1: asynchronous
[   34.950606] sd 2:0:0:0: [sda] 20971520 512-byte logical blocks: (10.7 GB/10.0 GiB)
[   35.199820] sd 2:0:0:0: Attached scsi generic sg0 type 0
[   35.316318] sd 2:0:0:0: [sda] Write Protect is off
[   35.316606] sd 2:0:1:0: [sdb] 20480 512-byte logical blocks: (10.5 MB/10.0 MiB)
[   35.316655] sd 2:0:1:0: Attached scsi generic sg1 type 0
[   35.316791] sd 2:0:1:0: [sdb] Write Protect is off
[   35.316897] sd 2:0:1:0: [sdb] Incomplete mode parameter data
[   35.316898] sd 2:0:1:0: [sdb] Assuming drive cache: write through
[   35.361518] sd 2:0:1:0: [sdb] Attached SCSI disk
[   36.378917] sd 2:0:0:0: [sda] Incomplete mode parameter data
[   36.586568] sd 2:0:0:0: [sda] Assuming drive cache: write through
[   36.623635]  sda: sda1
[   36.831721] sd 2:0:0:0: [sda] Attached SCSI disk
Begin: Loading e[   38.378406] md: linear personality registered for level -1
ssential drivers ... [   38.490206] md: multipath personality registered for level -4
[   38.710031] md: raid0 personality registered for level 0
[   38.848131] md: raid1 personality registered for level 1
[   38.936162] raid6: sse2x1   gen()  2531 MB/s
[   39.152180] raid6: sse2x1   xor()  2895 MB/s
[   39.340699] raid6: sse2x2   gen()  3633 MB/s
[   39.544126] raid6: sse2x2   xor()  3828 MB/s
[   39.724428] raid6: sse2x4   gen()  3218 MB/s
[   39.932256] raid6: sse2x4   xor()  2621 MB/s
[   40.054932] raid6: using algorithm sse2x2 gen() 3633 MB/s
[   40.218004] raid6: .... xor() 3828 MB/s, rmw enabled
[   40.375606] raid6: using intx1 recovery algorithm
[   40.525182] xor: measuring software checksum speed
[   40.628082]    prefetch64-sse: 13034.000 MB/sec
[   40.712034]    generic_sse: 12528.000 MB/sec
[   40.771432] xor: using function: prefetch64-sse (13034.000 MB/sec)
[   40.815073] async_tx: api initialized (async)
[   40.829731] md: raid6 personality registered for level 6
[   40.860606] md: raid5 personality registered for level 5
[   40.918409] md: raid4 personality registered for level 4
[   41.004222] md: raid10 personality registered for level 10
done.
Begin: Running /scripts/init-premount ... done.
Begin: Mounting root file system ... Begin: Running /scripts/local-top ... done.
Begin: Running /scripts/local-premount ... [   41.266901] Btrfs loaded
Scanning for Btrfs filesystems
done.
Warning: fsck not present, so skipping root file system
[   41.596218] EXT4-fs (sda1): mounted filesystem with ordered data mode. Opts: (null)
done.
Begin: Running /scripts/local-bottom ... done.
Begin: Running /scripts/init-bottom ... Warning: overlayroot: debug is busted
done.
[   42.982844] systemd[1]: systemd 229 running in system mode. (+PAM +AUDIT +SELINUX +IMA +APPARMOR +SMACK +SYSVINIT +UTMP +LIBCRYPTSETUP +GCRYPT +GNUTLS +ACL +XZ -LZ4 +SECCOMP +BLKID +ELFUTILS +KMOD -IDN)
[   43.044645] systemd[1]: Detected virtualization oracle.
[   43.104605] systemd[1]: Detected architecture x86-64.
[   43.197879] random: nonblocking pool is initialized

Welcome to [1mUbuntu 16.04 LTS[0m!

[   43.212874] systemd[1]: Set hostname to <ubuntu-xenial>.
[   43.722973] systemd[1]: Listening on Syslog Socket.
[[0;32m  OK  [0m] Listening on Syslog Socket.
[   43.854793] systemd[1]: Reached target Swap.
[[0;32m  OK  [0m] Reached target Swap.
[   43.860717] systemd[1]: Listening on Journal Socket (/dev/log).
[[0;32m  OK  [0m] Listening on Journal Socket (/dev/log).
[   43.884658] systemd[1]: Created slice User and Session Slice.
[[0;32m  OK  [0m] Created slice User and Session Slice.
[   44.036740] systemd[1]: Listening on Journal Socket.
[[0;32m  OK  [0m] Listening on Journal Socket.
[   44.201279] systemd[1]: Listening on udev Kernel Socket.
[[0;32m  OK  [0m] Listening on udev Kernel Socket.
[   44.322659] systemd[1]: Listening on Journal Audit Socket.
[[0;32m  OK  [0m] Listening on Journal Audit Socket.
[   44.380364] systemd[1]: Started Forward Password Requests to Wall Directory Watch.
[[0;32m  OK  [0m] Started Forward Password Requests to Wall Directory Watch.
[   44.656273] systemd[1]: Set up automount Arbitrary Executable File Formats File System Automount Point.
[[0;32m  OK  [0m] Set up automount Arbitrary Executab...ats File System Automount Point.
[   44.988317] systemd[1]: Listening on udev Control Socket.
[[0;32m  OK  [0m] Listening on udev Control Socket.
[   45.027995] systemd[1]: Listening on LVM2 poll daemon socket.
[[0;32m  OK  [0m] Listening on LVM2 poll daemon socket.
[   45.133281] systemd[1]: Reached target Encrypted Volumes.
[[0;32m  OK  [0m] Reached target Encrypted Volumes.
[   45.322152] systemd[1]: Listening on LVM2 metadata daemon socket.
[[0;32m  OK  [0m] Listening on LVM2 metadata daemon socket.
[   45.512466] systemd[1]: Reached target User and Group Name Lookups.
[[0;32m  OK  [0m] Reached target User and Group Name Lookups.
[   45.689111] systemd[1]: Created slice System Slice.
[[0;32m  OK  [0m] Created slice System Slice.
[   45.840460] systemd[1]: Mounting Huge Pages File System...
         Mounting Huge Pages File System...
[   46.024400] systemd[1]: Created slice system-getty.slice.
[[0;32m  OK  [0m] Created slice system-getty.slice.
[   46.201587] systemd[1]: Starting Nameserver information manager...
         Starting Nameserver information manager...
[   46.452448] systemd[1]: Starting Load Kernel Modules...
         Starting Load Kernel Modules...
[   46.513437] systemd[1]: Reached target Slices.
[   46.513470] Loading iSCSI transport class v2.0-870.
[[0;32m  OK  [0m] Reached target Slices.
[   46.869345] iscsi: registered transport (tcp)
[   47.005270] systemd[1]: Starting Create list of required static device nodes for the current kernel...
         Starting Create list of required st... nodes for the current kernel...
[   47.066860] iscsi: registered transport (iser)
[   47.864404] systemd[1]: Starting Remount Root and Kernel File Systems...
         Starting Remount Root and Kernel File Systems...
[   47.934395] systemd[1]: Created slice system-serial\x2dgetty.slice.
[[0;32m  OK  [0[   47.939273] EXT4-fs (sda1): re-mounted. Opts: (null)
m] Created slice system-serial\x2dgetty.slice.
[   48.045084] systemd[1]: Starting Journal Service...
         Starting Journal Service...
[   48.108792] systemd[1]: Mounting Debug File System...
         Mounting Debug File System...
[   48.168340] systemd[1]: Starting Uncomplicated firewall...
         Starting Uncomplicated firewall...
[   48.306793] systemd[1]: Listening on /dev/initctl Compatibility Named Pipe.
[[0;32m  OK  [0m] Listening on /dev/initctl Compatibility Named Pipe.
[   48.464757] systemd[1]: Mounting POSIX Message Queue File System...
         Mounting POSIX Message Queue File System...
[  4.52084] std[]: Lienng oDevie-pp eent emn FIs.
[[0;32m  OK  [0m] Listening on Device-mapper event daemon FIFOs.
[   49.128466] systemd[1]: Starting Monitoring of LVM2 mirrors, snapshots etc. using dmeventd or progress polling...
         Starting Monitoring of LVM2 mirrors... dmeventd or progress polling...
[   49.510461] systemd[1]: Mounted Huge Pages File System.
[[0;32m  OK  [0m] Mounted Huge Pages File System.
[   49.570629] systemd[1]: Mounted Debug File System.
[[0;32m  OK  [0m] Mounted Debug File System.
[   49.584916] systemd[1]: Mounted POSIX Message Queue File System.
[[0;32m  OK  [0m] Mounted POSIX Message Queue File System.
[ 49129]ysmd]:Starte Journ Svie.
[[0;32m  OK  [0m] Started Journal Service.
[[0;32m  OK  [0m] Started Load Kernel Modules.
[[0;32m  OK  [0m] Started Create list of required sta...ce nodes for the current kernel.
[[0;32m  OK  [0m] Started Remount Root and Kernel File Systems.
[[0;32m  OK  [0m] Started Uncomplicated firewall.
[[0;32m  OK  [0m] Started Nameserver information manager.
[[0;32m  OK  [0m] Started LVM2 metadata daemon.
         Starting Load/Save Random Seed...
         Starting udev Coldplug all Devices...
         Starting Create Static Device Nodes in /dev...
         Starting Apply Kernel Variables...
         Mounting FUSE Control File System...
         Starting Flush Journal to Persistent Storage...
[[0;32m  OK  [0m] Mounted FUSE Control File System.
[[0;32m  OK  [0m] Started Load/Save Random Seed.
[[0;32m  OK  [0m] Started Create Static Device Nodes in /dev.
[[0;32m  OK  [0m] Started Apply Kernel Variables.
[[0;32m  OK  [0m] Started udev Coldplug all Devices.
         Starting udev Kernel Device Manager...
[[0;32m  OK  [0m] Started Flush Journal to Persistent Storage.
[[0;32m  OK  [0m] Started Monitoring of LVM2 mirrors,...ng dmeventd or progress polling.
[[0;32m  OK  [0m] Started udev Kernel Device Manager.
[[0;32m  OK  [0m] Started Dispatch Password Requests to Console Directory Watch.
[[0;32m  OK  [0m] Reached target Local File Systems (Pre).
[[0;32m  OK  [0m] Reached target Local File Systems.
         Starting Tell Plymouth To Write Out Runtime Data...
         Starting Initial cloud-init job (pre-networking)...
         Starting LSB: AppArmor initialization...
         Starting Set console keymap...
         Starting Create Volatile Files and Directories...
[[0;32m  OK  [0m] Started Tell Plymouth To Write Out Runtime Data.
[[0;32m  OK  [0m] Started Set console keymap.
[[0;32m  OK  [0m] Started Create Volatile Files and Directories.
[[0;32m  OK  [0m] Found device /dev/ttyS0.
[[0;32m  OK  [0m] Listening on Load/Save RF Kill Switch Status /dev/rfkill Watch.
         Starting Network Time Synchronization...
         Starting Update UTMP about System Boot/Shutdown...
[[0;32m  OK  [0m] Started Network Time Synchronization.
[[0;32m  OK  [0m] Reached target System Time Synchronized.
[[0;32m  OK  [0m] Started Update UTMP about System Boot/Shutdown.
[[0;32m  OK  [0m] Started LSB: AppArmor initialization.
[[0;32m  OK  [0m] Reached target System Initialization.
[[0;32m  OK  [0m] Listening on D-Bus System Message Bus Socket.
[[0;32m  OK  [0m] Started ACPI Events Check.
[[0;32m  OK  [0m] Listening on UUID daemon activation socket.
[[0;32m  OK  [0m] Started Trigger resolvconf update for networkd DNS.
[[0;32m  OK  [0m] Reached target Paths.
         Starting LXD - unix socket.
         Starting Socket activation for snappy daemon.
[[0;32m  OK  [0m] Listening on ACPID Listen Socket.
[[0;32m  OK  [0m] Started Daily Cleanup of Temporary Directories.
[[0;32m  OK  [0m] Started Daily apt activities.
[[0;32m  OK  [0m] Reached target Timers.
[[0;32m  OK  [0m] Listening on LXD - unix socket.
[[0;32m  OK  [0m] Listening on Socket activation for snappy daemon.
[[0;32m  OK  [0m] Reached target Sockets.
[[0;32m  OK  [0m] Reached target Basic System.
         Starting Login Service...
[[0;32m  OK  [0m] Started FUSE filesystem for LXC.
         Starting LXD - container startup/shutdown...
[[0;32m  OK  [0m] Started ACPI event daemon.
         Starting LSB: MD monitoring daemon...
[[0;32m  OK  [0m] Started Regular background program processing daemon.
[[0;32m  OK  [0m] Started D-Bus System Message Bus.
         Starting LSB: Record successful boot for GRUB...
         Starting System Logging Service...
         Starting Accounts Service...
[[0;32m  OK  [0m] Started Deferred execution scheduler.
[[0;32m  OK  [0m] Started Login Service.
[[0;32m  OK  [0m] Started System Logging Service.
[[0;32m  OK  [0m] Started LSB: MD monitoring daemon.
[[0;32m  OK  [0m] Started LSB: Record successful boot for GRUB.
         Starting Authenticate and Authorize Users to Run Privileged Tasks...
[[0;32m  OK  [0m] Started LXD - container startup/shutdown.
[[0;32m  OK  [0m] Started Authenticate and Authorize Users to Run Privileged Tasks.
[[0;32m  OK  [0m] Started Accounts Service.
[   56.248898] cloud-init[577]: Cloud-init v. 0.7.7 running 'init-local' at Fri, 10 Jun 2016 18:17:56 +0000. Up 55.48 seconds.
[[0;32m  OK  [0m] Started Initial cloud-init job (pre-networking).
[[0;32m  OK  [0m] Reached target Network (Pre).
         Starting Raise network interfaces...
[[0;32m  OK  [0m] Started ifup for enp0s3.
[[0;32m  OK  [0m] Found device 82540EM Gigabit Ethern...r (PRO/1000 MT Desktop Adapter).
[[0;32m  OK  [0m] Started Raise network interfaces.
[[0;32m  OK  [0m] Reached target Network.
         Starting Initial cloud-init job (metadata service crawler)...
[   58.742406] cloud-init[985]: Cloud-init v. 0.7.7 running 'init' at Fri, 10 Jun 2016 18:17:59 +0000. Up 58.00 seconds.
[   58.777602] cloud-init[985]: ci-info: +++++++++++++++++++++++++++++++++++++Net device info++++++++++++++++++++++++++++++++++++++
[   58.984586] cloud-init[985]: ci-info: +--------+------+----------------------------+---------------+-------+-------------------+
[[0;32m  OK  [0m] Started Initial cloud-init job (metadata service crawler).
[   58.984790] cloud-init[985]: ci-info: | Device |  Up  |          Address           |      Mask     | Scope |     Hw-Address    |
[[   59.153231] cloud-init[985]: ci-info: +--------+------+----------------------------+---------------+-------+-------------------+
[0;32m  OK  [0m] Reached target Cloud-config availability.
[[   59.153770] cloud-init[985]: ci-info: | enp0s3 | True |         10.0.2.15          | 255.255.255.0 |   .   | 02:43:bc:fa:c0:22 |
[   59.209826] cloud-init[985]: ci-info: | enp0s3 | True | fe80::43:bcff:fefa:c022/64 |       .       |  link | 02:43:bc:fa:c0:22 |
[   59.210773] cloud-init[985]: ci-info: |   lo   | True |         127.0.0.1          |   255.0.0.0   |   .   |         .         |
[   59.210875] cloud-init[985]: ci-info: |   lo   | True |          ::1/128           |       .       |  host |         .         |
[   59.210938] cloud-init[985]: ci-info: +--------+------+----------------------------+---------------+-------+-------------------+
[   59.210994] cloud-init[985]: ci-info: +++++++++++++++++++++++++++Route IPv4 info++++++++++++++++++++++++++++
[   59.211050] cloud-init[985]: ci-info: +-------+-------------+----------+---------------+-----------+-------+
[   59.211106] cloud-init[985]: ci-info: | Route | Destination | Gateway  |    Genmask    | Interface | Flags |
[   59.211162] cloud-init[985]: ci-info: +-------+-------------+----------+---------------+-----------+-------+
[   59.211240] cloud-init[985]: ci-info: |   0   |   0.0.0.0   | 10.0.2.2 |    0.0.0.0    |   enp0s3  |   UG  |
[   59.211295] cloud-init[985]: ci-info: |   1   |   10.0.2.0  | 0.0.0.0  | 255.255.255.0 |   enp0s3  |   U   |
[   59.211354] cloud-init[985]: ci-info: +-------+-------------+----------+---------------+-----------+-------+
[0;32m  OK  [0m] Reached target Network is Online.
         Starting /etc/rc.local Compatibility...
         Starting OpenBSD Secure Shell server...
         Starting Apply the settings specified in cloud-config...
         Starting iSCSI initiator daemon (iscsid)...
[[0;32m  OK  [0m] Started /etc/rc.local Compatibility.
[[0;32m  OK  [0m] Started OpenBSD Secure Shell server.
[[0;32m  OK  [0m] Started iSCSI initiator daemon (iscsid).
         Starting Login to default iSCSI targets...
[[0;32m  OK  [0m] Started Login to default iSCSI targets.
[[0;32m  OK  [0m] Reached target Remote File Systems (Pre).
[[0;32m  OK  [0m] Reached target Remote File Systems.
         Starting LSB: daemon to balance interrupts for SMP systems...
[   61.124004] cloud-init[1039]: Cloud-init v. 0.7.7 running 'modules:config' at Fri, 10 Jun 2016 18:18:02 +0000. Up 60.91 seconds.
         Starting LSB: Set the CPU Frequency Scaling governor to "ondemand"...
         Starting LSB: Apache2 web server...
         Starting LSB: automatic crash report generation...
         Starting Permit User Sessions...
[[0;32m  OK  [0m] Started Apply the settings specified in cloud-config.
[[0;32m  OK  [0m] Started Permit User Sessions.
[[0;32m  OK  [0m] Started LSB: Set the CPU Frequency Scaling governor to "ondemand".
[[0;32m  OK  [0m] Started LSB: daemon to balance interrupts for SMP systems.
[[0;32m  OK  [0m] Created slice User Slice of ubuntu.
[[0;32m  OK  [0m] Started Session 1 of user ubuntu.
         Starting User Manager for UID 1000...
         Starting Hold until boot process finishes up...
         Starting Terminate Plymouth Boot Screen...
         Starting Execute cloud user/final scripts...
[[0;32m  OK  [0m] Started LSB: automatic crash report generation.
[[0;32m  OK  [0m] Started Hold until boot process finishes up.
[[0;32m  OK  [0m] Started Terminate Plymouth Boot Screen.
[[0;32m  OK  [0m] Started User Manager for UID 1000.
[[0;32m  OK  [0m] Started Getty on tty1.
[[0;32m  OK  [0m] Started Serial Getty on ttyS0.
[[0;32m  OK  [0m] Reached target Login Prompts.
[   62.402557] cloud-init[1147]: Cloud-init v. 0.7.7 running 'modules:final' at Fri, 10 Jun 2016 18:18:03 +0000. Up 62.21 seconds.
[   62.478235] cloud-init[1147]: Cloud-init v. 0.7.7 finished at Fri, 10 Jun 2016 18:18:03 +0000. Datasource DataSourceNoCloudNet [seed=/dev/sdb][dsmode=net].  Up 62.39 seconds
[[0;32m  OK  [0m] Started Execute cloud user/final scripts.
[[0;32m  OK  [0m] Reached target Cloud-init target.
[[0;32m  OK  [0m] Started LSB: Apache2 web server.
[[0;32m  OK  [0m] Reached target Multi-User System.
[[0;32m  OK  [0m] Reached target Graphical Interface.
         Starting Update UTMP about System Runlevel Changes...
[[0;32m  OK  [0m] Started Update UTMP about System Runlevel Changes.

Ubuntu 16.04 LTS ubuntu-xenial ttyS0

ubuntu-xenial login: 